0 info it worked if it ends with ok
1 verbose cli [ '/usr/local/bin/node',
1 verbose cli   '/Users/alexguo/.npm-packages/bin/npm',
1 verbose cli   'start' ]
2 info using npm@3.8.8
3 info using node@v7.7.3
4 verbose run-script [ 'prestart', 'start', 'poststart' ]
5 info lifecycle https-test@0.0.0~prestart: https-test@0.0.0
6 silly lifecycle https-test@0.0.0~prestart: no script for prestart, continuing
7 info lifecycle https-test@0.0.0~start: https-test@0.0.0
8 verbose lifecycle https-test@0.0.0~start: unsafe-perm in lifecycle true
9 verbose lifecycle https-test@0.0.0~start: PATH: /Users/alexguo/.npm-packages/lib/node_modules/npm/bin/node-gyp-bin:/Users/alexguo/Code/https-test/node_modules/.bin:/usr/local/bin:/Users/alexguo/.rvm/gems/ruby-1.9.3-p551/bin:/Users/alexguo/.rvm/gems/ruby-1.9.3-p551@global/bin:/Users/alexguo/.rvm/rubies/ruby-1.9.3-p551/bin:/Users/alexguo/.npm-packages/bin:/apollo/env/SDETools/bin:/usr/local/bin:/usr/bin:/bin:/usr/sbin:/sbin:/opt/X11/bin:/Users/alexguo/.rvm/bin
10 verbose lifecycle https-test@0.0.0~start: CWD: /Users/alexguo/Code/https-test
11 silly lifecycle https-test@0.0.0~start: Args: [ '-c', 'node ./bin/www' ]
12 silly lifecycle https-test@0.0.0~start: Returned: code: 1  signal: null
13 info lifecycle https-test@0.0.0~start: Failed to exec start script
14 verbose stack Error: https-test@0.0.0 start: `node ./bin/www`
14 verbose stack Exit status 1
14 verbose stack     at EventEmitter.<anonymous> (/Users/alexguo/.npm-packages/lib/node_modules/npm/lib/utils/lifecycle.js:244:16)
14 verbose stack     at emitTwo (events.js:106:13)
14 verbose stack     at EventEmitter.emit (events.js:194:7)
14 verbose stack     at ChildProcess.<anonymous> (/Users/alexguo/.npm-packages/lib/node_modules/npm/lib/utils/spawn.js:24:14)
14 verbose stack     at emitTwo (events.js:106:13)
14 verbose stack     at ChildProcess.emit (events.js:194:7)
14 verbose stack     at maybeClose (internal/child_process.js:899:16)
14 verbose stack     at Process.ChildProcess._handle.onexit (internal/child_process.js:226:5)
15 verbose pkgid https-test@0.0.0
16 verbose cwd /Users/alexguo/Code/https-test
17 error Darwin 15.6.0
18 error argv "/usr/local/bin/node" "/Users/alexguo/.npm-packages/bin/npm" "start"
19 error node v7.7.3
20 error npm  v3.8.8
21 error code ELIFECYCLE
22 error https-test@0.0.0 start: `node ./bin/www`
22 error Exit status 1
23 error Failed at the https-test@0.0.0 start script 'node ./bin/www'.
23 error Make sure you have the latest version of node.js and npm installed.
23 error If you do, this is most likely a problem with the https-test package,
23 error not with npm itself.
23 error Tell the author that this fails on your system:
23 error     node ./bin/www
23 error You can get information on how to open an issue for this project with:
23 error     npm bugs https-test
23 error Or if that isn't available, you can get their info via:
23 error     npm owner ls https-test
23 error There is likely additional logging output above.
24 verbose exit [ 1, true ]
